[ 2015-05-21T09:55:15+08:00 ] ::1 /think/index.php?g=user&m=index&a=is_login
INFO: [ app_begin ] --START--
INFO: Run Behavior\ReadHtmlCacheBehavior [ RunTime:0.000384s ]
INFO: Run Behavior\CheckLangBehavior [ RunTime:0.000390s ]
INFO: [ app_begin ] --END-- [ RunTime:0.001114s ]
NOTIC: [8] Undefined index: url /Applications/MAMP/htdocs/think/application/Common/Controller/AppframeController.class.php 第 43 行.

[ 2015-05-21T09:55:27+08:00 ] ::1 /think/index.php?g=user&m=index&a=is_login
INFO: [ app_begin ] --START--
INFO: Run Behavior\ReadHtmlCacheBehavior [ RunTime:0.000251s ]
INFO: Run Behavior\CheckLangBehavior [ RunTime:0.000271s ]
INFO: [ app_begin ] --END-- [ RunTime:0.000790s ]
NOTIC: [8] Undefined index: url /Applications/MAMP/htdocs/think/application/Common/Controller/AppframeController.class.php 第 43 行.

[ 2015-05-21T09:57:30+08:00 ] ::1 /think/index.php?g=user&m=index&a=is_login
INFO: [ app_begin ] --START--
INFO: Run Behavior\ReadHtmlCacheBehavior [ RunTime:0.000384s ]
INFO: Run Behavior\CheckLangBehavior [ RunTime:0.000412s ]
INFO: [ app_begin ] --END-- [ RunTime:0.001127s ]
NOTIC: [8] Undefined index: url /Applications/MAMP/htdocs/think/application/Common/Controller/AppframeController.class.php 第 43 行.

[ 2015-05-21T09:57:31+08:00 ] ::1 /think/index.php?g=user&m=index&a=is_login
INFO: [ app_begin ] --START--
INFO: Run Behavior\ReadHtmlCacheBehavior [ RunTime:0.000241s ]
INFO: Run Behavior\CheckLangBehavior [ RunTime:0.000270s ]
INFO: [ app_begin ] --END-- [ RunTime:0.000723s ]
NOTIC: [8] Undefined index: url /Applications/MAMP/htdocs/think/application/Common/Controller/AppframeController.class.php 第 43 行.

[ 2015-05-21T09:58:56+08:00 ] ::1 /think/index.php?g=user&m=index&a=is_login
INFO: [ app_begin ] --START--
INFO: Run Behavior\ReadHtmlCacheBehavior [ RunTime:0.000356s ]
INFO: Run Behavior\CheckLangBehavior [ RunTime:0.000474s ]
INFO: [ app_begin ] --END-- [ RunTime:0.001150s ]
NOTIC: [8] Undefined index: url /Applications/MAMP/htdocs/think/application/Common/Controller/AppframeController.class.php 第 43 行.

[ 2015-05-21T09:59:39+08:00 ] ::1 /think/index.php?g=user&m=index&a=is_login
INFO: [ app_begin ] --START--
INFO: Run Behavior\ReadHtmlCacheBehavior [ RunTime:0.000349s ]
INFO: Run Behavior\CheckLangBehavior [ RunTime:0.000389s ]
INFO: [ app_begin ] --END-- [ RunTime:0.001112s ]
NOTIC: [8] Undefined index: url /Applications/MAMP/htdocs/think/application/Common/Controller/AppframeController.class.php 第 43 行.

[ 2015-05-21T10:02:22+08:00 ] ::1 /think/index.php?g=user&m=index&a=is_login
INFO: [ app_begin ] --START--
INFO: Run Behavior\ReadHtmlCacheBehavior [ RunTime:0.001242s ]
INFO: Run Behavior\CheckLangBehavior [ RunTime:0.002810s ]
INFO: [ app_begin ] --END-- [ RunTime:0.004685s ]
NOTIC: [8] Undefined index: url /Applications/MAMP/htdocs/think/application/Common/Controller/AppframeController.class.php 第 43 行.

[ 2015-05-21T10:02:33+08:00 ] ::1 /think/index.php?g=user&m=index&a=is_login
INFO: [ app_begin ] --START--
INFO: Run Behavior\ReadHtmlCacheBehavior [ RunTime:0.000797s ]
INFO: Run Behavior\CheckLangBehavior [ RunTime:0.001551s ]
INFO: [ app_begin ] --END-- [ RunTime:0.003329s ]
NOTIC: [8] Undefined index: url /Applications/MAMP/htdocs/think/application/Common/Controller/AppframeController.class.php 第 43 行.

[ 2015-05-21T10:07:50+08:00 ] ::1 /think/index.php?g=user&m=index&a=is_login
INFO: [ app_begin ] --START--
INFO: Run Behavior\ReadHtmlCacheBehavior [ RunTime:0.000695s ]
INFO: Run Behavior\CheckLangBehavior [ RunTime:0.001537s ]
INFO: [ app_begin ] --END-- [ RunTime:0.002963s ]
NOTIC: [8] Undefined index: url /Applications/MAMP/htdocs/think/application/Common/Controller/AppframeController.class.php 第 43 行.

