[ 2015-05-20T21:41:05+08:00 ] ::1 /think/index.php?g=user&m=index&a=is_login
INFO: [ app_begin ] --START--
INFO: Run Behavior\ReadHtmlCacheBehavior [ RunTime:0.000458s ]
INFO: Run Behavior\CheckLangBehavior [ RunTime:0.000529s ]
INFO: [ app_begin ] --END-- [ RunTime:0.001439s ]
NOTIC: [8] Undefined index: url /Applications/MAMP/htdocs/think/application/Common/Controller/AppframeController.class.php 第 43 行.

[ 2015-05-20T21:44:17+08:00 ] ::1 /think/index.php?g=user&m=index&a=is_login
INFO: [ app_begin ] --START--
INFO: Run Behavior\ReadHtmlCacheBehavior [ RunTime:0.000358s ]
INFO: Run Behavior\CheckLangBehavior [ RunTime:0.000404s ]
INFO: [ app_begin ] --END-- [ RunTime:0.001112s ]
NOTIC: [8] Undefined index: url /Applications/MAMP/htdocs/think/application/Common/Controller/AppframeController.class.php 第 43 行.

[ 2015-05-20T21:44:22+08:00 ] ::1 /think/index.php?g=user&m=index&a=is_login
INFO: [ app_begin ] --START--
INFO: Run Behavior\ReadHtmlCacheBehavior [ RunTime:0.000340s ]
INFO: Run Behavior\CheckLangBehavior [ RunTime:0.000402s ]
INFO: [ app_begin ] --END-- [ RunTime:0.001064s ]
NOTIC: [8] Undefined index: url /Applications/MAMP/htdocs/think/application/Common/Controller/AppframeController.class.php 第 43 行.

[ 2015-05-20T21:44:28+08:00 ] ::1 /think/index.php?g=user&m=index&a=is_login
INFO: [ app_begin ] --START--
INFO: Run Behavior\ReadHtmlCacheBehavior [ RunTime:0.000232s ]
INFO: Run Behavior\CheckLangBehavior [ RunTime:0.000441s ]
INFO: [ app_begin ] --END-- [ RunTime:0.000890s ]
NOTIC: [8] Undefined index: url /Applications/MAMP/htdocs/think/application/Common/Controller/AppframeController.class.php 第 43 行.

[ 2015-05-20T21:46:33+08:00 ] ::1 /think/index.php?g=user&m=index&a=is_login
INFO: [ app_begin ] --START--
INFO: Run Behavior\ReadHtmlCacheBehavior [ RunTime:0.000359s ]
INFO: Run Behavior\CheckLangBehavior [ RunTime:0.000403s ]
INFO: [ app_begin ] --END-- [ RunTime:0.001078s ]
NOTIC: [8] Undefined index: url /Applications/MAMP/htdocs/think/application/Common/Controller/AppframeController.class.php 第 43 行.

[ 2015-05-20T21:46:41+08:00 ] ::1 /think/index.php?g=user&m=index&a=is_login
INFO: [ app_begin ] --START--
INFO: Run Behavior\ReadHtmlCacheBehavior [ RunTime:0.000227s ]
INFO: Run Behavior\CheckLangBehavior [ RunTime:0.000254s ]
INFO: [ app_begin ] --END-- [ RunTime:0.000683s ]
NOTIC: [8] Undefined index: url /Applications/MAMP/htdocs/think/application/Common/Controller/AppframeController.class.php 第 43 行.

[ 2015-05-20T21:47:10+08:00 ] ::1 /think/index.php?g=user&m=index&a=is_login
INFO: [ app_begin ] --START--
INFO: Run Behavior\ReadHtmlCacheBehavior [ RunTime:0.000457s ]
INFO: Run Behavior\CheckLangBehavior [ RunTime:0.000449s ]
INFO: [ app_begin ] --END-- [ RunTime:0.001602s ]
NOTIC: [8] Undefined index: url /Applications/MAMP/htdocs/think/application/Common/Controller/AppframeController.class.php 第 43 行.

[ 2015-05-20T21:47:46+08:00 ] ::1 /think/index.php?g=user&m=index&a=is_login
INFO: [ app_begin ] --START--
INFO: Run Behavior\ReadHtmlCacheBehavior [ RunTime:0.000241s ]
INFO: Run Behavior\CheckLangBehavior [ RunTime:0.000447s ]
INFO: [ app_begin ] --END-- [ RunTime:0.000930s ]
NOTIC: [8] Undefined index: url /Applications/MAMP/htdocs/think/application/Common/Controller/AppframeController.class.php 第 43 行.

[ 2015-05-20T21:52:07+08:00 ] ::1 /think/index.php?g=user&m=index&a=is_login
INFO: [ app_begin ] --START--
INFO: Run Behavior\ReadHtmlCacheBehavior [ RunTime:0.000392s ]
INFO: Run Behavior\CheckLangBehavior [ RunTime:0.000518s ]
INFO: [ app_begin ] --END-- [ RunTime:0.001274s ]
NOTIC: [8] Undefined index: url /Applications/MAMP/htdocs/think/application/Common/Controller/AppframeController.class.php 第 43 行.

[ 2015-05-20T21:52:08+08:00 ] ::1 /think/index.php?g=user&m=index&a=is_login
INFO: [ app_begin ] --START--
INFO: Run Behavior\ReadHtmlCacheBehavior [ RunTime:0.000233s ]
INFO: Run Behavior\CheckLangBehavior [ RunTime:0.000252s ]
INFO: [ app_begin ] --END-- [ RunTime:0.000688s ]
NOTIC: [8] Undefined index: url /Applications/MAMP/htdocs/think/application/Common/Controller/AppframeController.class.php 第 43 行.

[ 2015-05-20T21:52:09+08:00 ] ::1 /think/index.php?g=user&m=index&a=is_login
INFO: [ app_begin ] --START--
INFO: Run Behavior\ReadHtmlCacheBehavior [ RunTime:0.000247s ]
INFO: Run Behavior\CheckLangBehavior [ RunTime:0.000260s ]
INFO: [ app_begin ] --END-- [ RunTime:0.000734s ]
NOTIC: [8] Undefined index: url /Applications/MAMP/htdocs/think/application/Common/Controller/AppframeController.class.php 第 43 行.

[ 2015-05-20T21:52:11+08:00 ] ::1 /think/index.php?g=user&m=index&a=is_login
INFO: [ app_begin ] --START--
INFO: Run Behavior\ReadHtmlCacheBehavior [ RunTime:0.000229s ]
INFO: Run Behavior\CheckLangBehavior [ RunTime:0.000261s ]
INFO: [ app_begin ] --END-- [ RunTime:0.000695s ]
NOTIC: [8] Undefined index: url /Applications/MAMP/htdocs/think/application/Common/Controller/AppframeController.class.php 第 43 行.

[ 2015-05-20T21:52:33+08:00 ] ::1 /think/index.php?g=user&m=index&a=is_login
INFO: [ app_begin ] --START--
INFO: Run Behavior\ReadHtmlCacheBehavior [ RunTime:0.000402s ]
INFO: Run Behavior\CheckLangBehavior [ RunTime:0.000419s ]
INFO: [ app_begin ] --END-- [ RunTime:0.001193s ]
NOTIC: [8] Undefined index: url /Applications/MAMP/htdocs/think/application/Common/Controller/AppframeController.class.php 第 43 行.

[ 2015-05-20T21:53:29+08:00 ] ::1 /think/index.php?g=user&m=index&a=is_login
INFO: [ app_begin ] --START--
INFO: Run Behavior\ReadHtmlCacheBehavior [ RunTime:0.000361s ]
INFO: Run Behavior\CheckLangBehavior [ RunTime:0.001538s ]
INFO: [ app_begin ] --END-- [ RunTime:0.002254s ]
NOTIC: [8] Undefined index: url /Applications/MAMP/htdocs/think/application/Common/Controller/AppframeController.class.php 第 43 行.

[ 2015-05-20T21:53:39+08:00 ] ::1 /think/index.php?g=user&m=index&a=is_login
INFO: [ app_begin ] --START--
INFO: Run Behavior\ReadHtmlCacheBehavior [ RunTime:0.000278s ]
INFO: Run Behavior\CheckLangBehavior [ RunTime:0.000330s ]
INFO: [ app_begin ] --END-- [ RunTime:0.000842s ]
NOTIC: [8] Undefined index: url /Applications/MAMP/htdocs/think/application/Common/Controller/AppframeController.class.php 第 43 行.

[ 2015-05-20T22:00:15+08:00 ] ::1 /think/index.php?g=user&m=index&a=is_login
INFO: [ app_begin ] --START--
INFO: Run Behavior\ReadHtmlCacheBehavior [ RunTime:0.000735s ]
INFO: Run Behavior\CheckLangBehavior [ RunTime:0.000995s ]
INFO: [ app_begin ] --END-- [ RunTime:0.002641s ]
NOTIC: [8] Undefined index: url /Applications/MAMP/htdocs/think/application/Common/Controller/AppframeController.class.php 第 43 行.

[ 2015-05-20T22:05:21+08:00 ] ::1 /think/index.php?g=user&m=index&a=is_login
INFO: [ app_begin ] --START--
INFO: Run Behavior\ReadHtmlCacheBehavior [ RunTime:0.000414s ]
INFO: Run Behavior\CheckLangBehavior [ RunTime:0.000445s ]
INFO: [ app_begin ] --END-- [ RunTime:0.001254s ]
NOTIC: [8] Undefined index: url /Applications/MAMP/htdocs/think/application/Common/Controller/AppframeController.class.php 第 43 行.

[ 2015-05-20T22:05:47+08:00 ] ::1 /think/index.php?g=user&m=index&a=is_login
INFO: [ app_begin ] --START--
INFO: Run Behavior\ReadHtmlCacheBehavior [ RunTime:0.000403s ]
INFO: Run Behavior\CheckLangBehavior [ RunTime:0.000733s ]
INFO: [ app_begin ] --END-- [ RunTime:0.001691s ]
NOTIC: [8] Undefined index: url /Applications/MAMP/htdocs/think/application/Common/Controller/AppframeController.class.php 第 43 行.

[ 2015-05-20T22:26:15+08:00 ] ::1 /think/index.php?g=user&m=index&a=is_login
INFO: [ app_begin ] --START--
INFO: Run Behavior\ReadHtmlCacheBehavior [ RunTime:0.000358s ]
INFO: Run Behavior\CheckLangBehavior [ RunTime:0.000409s ]
INFO: [ app_begin ] --END-- [ RunTime:0.001100s ]
NOTIC: [8] Undefined index: url /Applications/MAMP/htdocs/think/application/Common/Controller/AppframeController.class.php 第 43 行.

[ 2015-05-20T22:26:23+08:00 ] ::1 /think/index.php?g=user&m=index&a=is_login
INFO: [ app_begin ] --START--
INFO: Run Behavior\ReadHtmlCacheBehavior [ RunTime:0.000926s ]
INFO: Run Behavior\CheckLangBehavior [ RunTime:0.001687s ]
INFO: [ app_begin ] --END-- [ RunTime:0.003673s ]
NOTIC: [8] Undefined index: url /Applications/MAMP/htdocs/think/application/Common/Controller/AppframeController.class.php 第 43 行.

[ 2015-05-20T22:26:27+08:00 ] ::1 /think/index.php?g=user&m=index&a=is_login
INFO: [ app_begin ] --START--
INFO: Run Behavior\ReadHtmlCacheBehavior [ RunTime:0.000237s ]
INFO: Run Behavior\CheckLangBehavior [ RunTime:0.000253s ]
INFO: [ app_begin ] --END-- [ RunTime:0.000713s ]
NOTIC: [8] Undefined index: url /Applications/MAMP/htdocs/think/application/Common/Controller/AppframeController.class.php 第 43 行.

[ 2015-05-20T22:28:12+08:00 ] ::1 /think/index.php?g=user&m=index&a=is_login
INFO: [ app_begin ] --START--
INFO: Run Behavior\ReadHtmlCacheBehavior [ RunTime:0.000234s ]
INFO: Run Behavior\CheckLangBehavior [ RunTime:0.000252s ]
INFO: [ app_begin ] --END-- [ RunTime:0.000694s ]
NOTIC: [8] Undefined index: url /Applications/MAMP/htdocs/think/application/Common/Controller/AppframeController.class.php 第 43 行.

